c:\users\franck.tempet\documents\visual studio 2017\projects\heracles\heracles\x64\release\vc141.pdb
c:\users\franck.tempet\documents\visual studio 2017\projects\heracles\heracles\x64\release\util.obj
c:\users\franck.tempet\documents\visual studio 2017\projects\heracles\heracles\x64\release\uci.obj
c:\users\franck.tempet\documents\visual studio 2017\projects\heracles\heracles\x64\release\timer.obj
c:\users\franck.tempet\documents\visual studio 2017\projects\heracles\heracles\x64\release\test.obj
c:\users\franck.tempet\documents\visual studio 2017\projects\heracles\heracles\x64\release\recherche.obj
c:\users\franck.tempet\documents\visual studio 2017\projects\heracles\heracles\x64\release\plateau.obj
c:\users\franck.tempet\documents\visual studio 2017\projects\heracles\heracles\x64\release\multipv.obj
c:\users\franck.tempet\documents\visual studio 2017\projects\heracles\heracles\x64\release\main.obj
c:\users\franck.tempet\documents\visual studio 2017\projects\heracles\heracles\x64\release\listecoup.obj
c:\users\franck.tempet\documents\visual studio 2017\projects\heracles\heracles\x64\release\killer.obj
c:\users\franck.tempet\documents\visual studio 2017\projects\heracles\heracles\x64\release\init.obj
c:\users\franck.tempet\documents\visual studio 2017\projects\heracles\heracles\x64\release\historytable.obj
c:\users\franck.tempet\documents\visual studio 2017\projects\heracles\heracles\x64\release\hasheval.obj
c:\users\franck.tempet\documents\visual studio 2017\projects\heracles\heracles\x64\release\hash.obj
c:\users\franck.tempet\documents\visual studio 2017\projects\heracles\heracles\x64\release\generecoup.obj
c:\users\franck.tempet\documents\visual studio 2017\projects\heracles\heracles\x64\release\evaluation.obj
c:\users\franck.tempet\documents\visual studio 2017\projects\heracles\heracles\x64\release\epd.obj
c:\users\franck.tempet\documents\visual studio 2017\projects\heracles\heracles\x64\release\coup.obj
c:\users\franck.tempet\documents\visual studio 2017\projects\heracles\heracles\x64\release\case.obj
c:\users\franck.tempet\documents\visual studio 2017\projects\heracles\heracles\x64\release\bitboard.obj
c:\users\franck.tempet\documents\visual studio 2017\projects\heracles\heracles\x64\release\valeur.obj
c:\users\franck.tempet\documents\visual studio 2017\projects\heracles\x64\release\heracles.ipdb
c:\users\franck.tempet\documents\visual studio 2017\projects\heracles\x64\release\heracles.iobj
c:\users\franck.tempet\documents\visual studio 2017\projects\heracles\x64\release\heracles.exe
c:\users\franck.tempet\documents\visual studio 2017\projects\heracles\x64\release\heracles.pdb
c:\users\franck.tempet\documents\visual studio 2017\projects\heracles\heracles\x64\release\heracles.tlog\cl.command.1.tlog
c:\users\franck.tempet\documents\visual studio 2017\projects\heracles\heracles\x64\release\heracles.tlog\cl.read.1.tlog
c:\users\franck.tempet\documents\visual studio 2017\projects\heracles\heracles\x64\release\heracles.tlog\cl.write.1.tlog
c:\users\franck.tempet\documents\visual studio 2017\projects\heracles\heracles\x64\release\heracles.tlog\heracles.write.1u.tlog
c:\users\franck.tempet\documents\visual studio 2017\projects\heracles\heracles\x64\release\heracles.tlog\link.command.1.tlog
c:\users\franck.tempet\documents\visual studio 2017\projects\heracles\heracles\x64\release\heracles.tlog\link.read.1.tlog
c:\users\franck.tempet\documents\visual studio 2017\projects\heracles\heracles\x64\release\heracles.tlog\link.write.1.tlog
