  bitboard.c
  case.c
src\case.c(62): warning C4996: 'strcpy': This function or variable may be unsafe. Consider using strcpy_s instead. To disable deprecation, use _CRT_SECURE_NO_WARNINGS. See online help for details.
  coup.c
src\coup.c(101): warning C4244: '=' : conversion de 'unsigned __int64' en 'short', perte possible de données
  epd.c
src\epd.c(11): warning C4996: 'fopen': This function or variable may be unsafe. Consider using fopen_s instead. To disable deprecation, use _CRT_SECURE_NO_WARNINGS. See online help for details.
  C:\Program Files (x86)\Windows Kits\10\Include\10.0.14393.0\ucrt\stdio.h(207): note: voir la déclaration de 'fopen'
src\epd.c(18): warning C4013: 'lireLigneFichier' non défini(e) ; extern retournant int pris par défaut
  evaluation.c
src\evaluation.c(312): warning C4101: 'bbDeplacementRoi' : variable locale non référencée
src\evaluation.c(311): warning C4101: 'ca' : variable locale non référencée
src\evaluation.c(811): warning C4101: 'casePion' : variable locale non référencée
  generecoup.c
  hash.c
src\hash.c(41): warning C4013: 'free' non défini(e) ; extern retournant int pris par défaut
src\hash.c(56): warning C4244: '=' : conversion de 'double' en 'int', perte possible de données
src\hash.c(65): warning C4013: 'malloc' non défini(e) ; extern retournant int pris par défaut
src\hash.c(65): warning C4312: 'cast de type' : la conversion de 'int' en 'PositionHash *' d'une taille supérieure
src\hash.c(88): warning C4244: '=' : conversion de 'int64' en 'int32', perte possible de données
src\hash.c(123): warning C4244: '=' : conversion de 'int64' en 'int32', perte possible de données
src\hash.c(169): warning C4244: '=' : conversion de 'int64' en 'int32', perte possible de données
  hasheval.c
src\hasheval.c(32): warning C4013: 'free' non défini(e) ; extern retournant int pris par défaut
src\hasheval.c(49): warning C4244: '=' : conversion de 'double' en 'int', perte possible de données
src\hasheval.c(60): warning C4013: 'malloc' non défini(e) ; extern retournant int pris par défaut
src\hasheval.c(60): warning C4312: 'cast de type' : la conversion de 'int' en 'PositionHashEval *' d'une taille supérieure
src\hasheval.c(63): warning C4013: 'hash_effacer' non défini(e) ; extern retournant int pris par défaut
src\hasheval.c(78): warning C4244: '=' : conversion de 'int64' en 'int32', perte possible de données
src\hasheval.c(96): warning C4244: '=' : conversion de 'int64' en 'int32', perte possible de données
  historytable.c
  init.c
src\init.c(67): warning C4013: 'rand' non défini(e) ; extern retournant int pris par défaut
src\init.c(71): warning C4477: 'printf' : la chaîne de format '%X' nécessite un argument de type 'unsigned int', mais l'argument variadique 4 est de type 'int64'
  src\init.c(71): note: utilisez '%llX' dans la chaîne de format
  src\init.c(71): note: utilisez '%IX' dans la chaîne de format
  src\init.c(71): note: utilisez '%I64X' dans la chaîne de format
src\init.c(72): warning C4477: 'printf' : la chaîne de format '%X' nécessite un argument de type 'unsigned int', mais l'argument variadique 1 est de type 'int64'
  src\init.c(72): note: utilisez '%llX' dans la chaîne de format
  src\init.c(72): note: utilisez '%IX' dans la chaîne de format
  src\init.c(72): note: utilisez '%I64X' dans la chaîne de format
src\init.c(81): warning C4477: 'printf' : la chaîne de format '%X' nécessite un argument de type 'unsigned int', mais l'argument variadique 2 est de type 'int64'
  src\init.c(81): note: utilisez '%llX' dans la chaîne de format
  src\init.c(81): note: utilisez '%IX' dans la chaîne de format
  src\init.c(81): note: utilisez '%I64X' dans la chaîne de format
src\init.c(82): warning C4477: 'printf' : la chaîne de format '%X' nécessite un argument de type 'unsigned int', mais l'argument variadique 1 est de type 'int64'
  src\init.c(82): note: utilisez '%llX' dans la chaîne de format
  src\init.c(82): note: utilisez '%IX' dans la chaîne de format
  src\init.c(82): note: utilisez '%I64X' dans la chaîne de format
src\init.c(90): warning C4477: 'printf' : la chaîne de format '%X' nécessite un argument de type 'unsigned int', mais l'argument variadique 1 est de type 'int64'
  src\init.c(90): note: utilisez '%llX' dans la chaîne de format
  src\init.c(90): note: utilisez '%IX' dans la chaîne de format
  src\init.c(90): note: utilisez '%I64X' dans la chaîne de format
src\init.c(91): warning C4477: 'printf' : la chaîne de format '%X' nécessite un argument de type 'unsigned int', mais l'argument variadique 1 est de type 'int64'
  src\init.c(91): note: utilisez '%llX' dans la chaîne de format
  src\init.c(91): note: utilisez '%IX' dans la chaîne de format
  src\init.c(91): note: utilisez '%I64X' dans la chaîne de format
src\init.c(98): warning C4477: 'printf' : la chaîne de format '%X' nécessite un argument de type 'unsigned int', mais l'argument variadique 1 est de type 'int64'
  src\init.c(98): note: utilisez '%llX' dans la chaîne de format
  src\init.c(98): note: utilisez '%IX' dans la chaîne de format
  src\init.c(98): note: utilisez '%I64X' dans la chaîne de format
src\init.c(99): warning C4477: 'printf' : la chaîne de format '%X' nécessite un argument de type 'unsigned int', mais l'argument variadique 1 est de type 'int64'
  src\init.c(99): note: utilisez '%llX' dans la chaîne de format
  src\init.c(99): note: utilisez '%IX' dans la chaîne de format
  src\init.c(99): note: utilisez '%I64X' dans la chaîne de format
src\init.c(106): warning C4477: 'printf' : la chaîne de format '%X' nécessite un argument de type 'unsigned int', mais l'argument variadique 1 est de type 'int64'
  src\init.c(106): note: utilisez '%llX' dans la chaîne de format
  src\init.c(106): note: utilisez '%IX' dans la chaîne de format
  src\init.c(106): note: utilisez '%I64X' dans la chaîne de format
src\init.c(107): warning C4477: 'printf' : la chaîne de format '%X' nécessite un argument de type 'unsigned int', mais l'argument variadique 1 est de type 'int64'
  src\init.c(107): note: utilisez '%llX' dans la chaîne de format
  src\init.c(107): note: utilisez '%IX' dans la chaîne de format
  src\init.c(107): note: utilisez '%I64X' dans la chaîne de format
src\init.c(114): warning C4477: 'printf' : la chaîne de format '%X' nécessite un argument de type 'unsigned int', mais l'argument variadique 1 est de type 'int64'
  src\init.c(114): note: utilisez '%llX' dans la chaîne de format
  src\init.c(114): note: utilisez '%IX' dans la chaîne de format
  src\init.c(114): note: utilisez '%I64X' dans la chaîne de format
src\init.c(115): warning C4477: 'printf' : la chaîne de format '%X' nécessite un argument de type 'unsigned int', mais l'argument variadique 1 est de type 'int64'
  src\init.c(115): note: utilisez '%llX' dans la chaîne de format
  src\init.c(115): note: utilisez '%IX' dans la chaîne de format
  src\init.c(115): note: utilisez '%I64X' dans la chaîne de format
src\init.c(122): warning C4477: 'printf' : la chaîne de format '%X' nécessite un argument de type 'unsigned int', mais l'argument variadique 1 est de type 'int64'
  src\init.c(122): note: utilisez '%llX' dans la chaîne de format
  src\init.c(122): note: utilisez '%IX' dans la chaîne de format
  src\init.c(122): note: utilisez '%I64X' dans la chaîne de format
src\init.c(123): warning C4477: 'printf' : la chaîne de format '%X' nécessite un argument de type 'unsigned int', mais l'argument variadique 1 est de type 'int64'
  src\init.c(123): note: utilisez '%llX' dans la chaîne de format
  src\init.c(123): note: utilisez '%IX' dans la chaîne de format
  src\init.c(123): note: utilisez '%I64X' dans la chaîne de format
src\init.c(130): warning C4477: 'printf' : la chaîne de format '%X' nécessite un argument de type 'unsigned int', mais l'argument variadique 1 est de type 'int64'
  src\init.c(130): note: utilisez '%llX' dans la chaîne de format
  src\init.c(130): note: utilisez '%IX' dans la chaîne de format
  src\init.c(130): note: utilisez '%I64X' dans la chaîne de format
src\init.c(131): warning C4477: 'printf' : la chaîne de format '%X' nécessite un argument de type 'unsigned int', mais l'argument variadique 1 est de type 'int64'
  src\init.c(131): note: utilisez '%llX' dans la chaîne de format
  src\init.c(131): note: utilisez '%IX' dans la chaîne de format
  src\init.c(131): note: utilisez '%I64X' dans la chaîne de format
src\init.c(159): warning C4244: '=' : conversion de 'int' en 'float', perte possible de données
src\init.c(160): warning C4244: '=' : conversion de 'int' en 'float', perte possible de données
src\init.c(163): warning C4244: 'fonction' : conversion de 'float' en 'int', perte possible de données
src\init.c(167): warning C4244: '=' : conversion de 'int' en 'float', perte possible de données
src\init.c(168): warning C4244: '=' : conversion de 'int' en 'float', perte possible de données
src\init.c(154): warning C4101: 'kx' : variable locale non référencée
src\init.c(1669): warning C4013: 'srand' non défini(e) ; extern retournant int pris par défaut
src\init.c(1669): warning C4013: 'time' non défini(e) ; extern retournant int pris par défaut
  killer.c
  listecoup.c
src\listecoup.c(20): warning C4101: 'bestScore2' : variable locale non référencée
src\listecoup.c(19): warning C4101: 'j' : variable locale non référencée
src\listecoup.c(21): warning C4101: 'indiceBestScore2' : variable locale non référencée
src\listecoup.c(20): warning C4101: 'bestScore1' : variable locale non référencée
src\listecoup.c(168): warning C4554: '>>' : vérifiez la priorité des opérateurs comme cause possible d'erreur ; utilisez des parenthèses pour rendre plus claires les priorités
src\listecoup.c(134): warning C4101: 'j' : variable locale non référencée
  main.c
src\main.c(44): warning C4996: 'setbuf': This function or variable may be unsafe. Consider using setvbuf instead. To disable deprecation, use _CRT_SECURE_NO_WARNINGS. See online help for details.
  C:\Program Files (x86)\Windows Kits\10\Include\10.0.14393.0\ucrt\stdio.h(394): note: voir la déclaration de 'setbuf'
src\main.c(45): warning C4996: 'setbuf': This function or variable may be unsafe. Consider using setvbuf instead. To disable deprecation, use _CRT_SECURE_NO_WARNINGS. See online help for details.
  C:\Program Files (x86)\Windows Kits\10\Include\10.0.14393.0\ucrt\stdio.h(394): note: voir la déclaration de 'setbuf'
  multipv.c
src\multipv.c(13): warning C4013: 'malloc' non défini(e) ; extern retournant int pris par défaut
src\multipv.c(13): warning C4312: 'cast de type' : la conversion de 'int' en 'Pv *' d'une taille supérieure
src\multipv.c(58): warning C4013: 'qsort' non défini(e) ; extern retournant int pris par défaut
  plateau.c
src\plateau.c(805): warning C4996: 'strcat': This function or variable may be unsafe. Consider using strcat_s instead. To disable deprecation, use _CRT_SECURE_NO_WARNINGS. See online help for details.
src\plateau.c(808): warning C4996: 'strcat': This function or variable may be unsafe. Consider using strcat_s instead. To disable deprecation, use _CRT_SECURE_NO_WARNINGS. See online help for details.
src\plateau.c(809): warning C4996: 'strcat': This function or variable may be unsafe. Consider using strcat_s instead. To disable deprecation, use _CRT_SECURE_NO_WARNINGS. See online help for details.
src\plateau.c(810): warning C4996: 'strcat': This function or variable may be unsafe. Consider using strcat_s instead. To disable deprecation, use _CRT_SECURE_NO_WARNINGS. See online help for details.
src\plateau.c(811): warning C4996: 'strcat': This function or variable may be unsafe. Consider using strcat_s instead. To disable deprecation, use _CRT_SECURE_NO_WARNINGS. See online help for details.
src\plateau.c(814): warning C4996: 'strcat': This function or variable may be unsafe. Consider using strcat_s instead. To disable deprecation, use _CRT_SECURE_NO_WARNINGS. See online help for details.
src\plateau.c(816): warning C4996: 'strcat': This function or variable may be unsafe. Consider using strcat_s instead. To disable deprecation, use _CRT_SECURE_NO_WARNINGS. See online help for details.
src\plateau.c(817): warning C4996: 'strcat': This function or variable may be unsafe. Consider using strcat_s instead. To disable deprecation, use _CRT_SECURE_NO_WARNINGS. See online help for details.
src\plateau.c(770): warning C4101: 'buf' : variable locale non référencée
  recherche.c
src\recherche.c(65): warning C4244: '=' : conversion de 'unsigned __int64' en 'int', perte possible de données
src\recherche.c(66): warning C4244: '=' : conversion de 'unsigned __int64' en 'int', perte possible de données
src\recherche.c(70): warning C4013: 'strncmp' non défini(e) ; extern retournant int pris par défaut
src\recherche.c(90): warning C4129: '%' : caractère de séquence d'échappement non reconnu
src\recherche.c(90): warning C4476: 'printf' : caractère de champ de type ')' inconnu dans le spécificateur de format
src\recherche.c(110): warning C4244: '=' : conversion de 'unsigned __int64' en 'int', perte possible de données
src\recherche.c(130): warning C4033: 'traceHashGet' doit retourner une valeur
src\recherche.c(131): warning C4033: 'traceHashGet' doit retourner une valeur
src\recherche.c(160): warning C4033: 'traceVariante' doit retourner une valeur
src\recherche.c(162): warning C4033: 'traceVariante' doit retourner une valeur
src\recherche.c(158): warning C4101: 'i' : variable locale non référencée
src\recherche.c(184): warning C4244: '=' : conversion de 'unsigned __int64' en 'int', perte possible de données
src\recherche.c(188): warning C4033: 'tracePosition' doit retourner une valeur
src\recherche.c(226): warning C4013: 'genereCoupEchappeEchec' non défini(e) ; extern retournant int pris par défaut
src\recherche.c(256): warning C4013: 'genereCoupCapture' non défini(e) ; extern retournant int pris par défaut
src\recherche.c(258): warning C4013: 'listecoup_noteCapture' non défini(e) ; extern retournant int pris par défaut
src\recherche.c(601): warning C4244: 'fonction' : conversion de 'short' en 'sint8', perte possible de données
src\recherche.c(640): warning C4244: 'fonction' : conversion de 'short' en 'sint8', perte possible de données
src\recherche.c(720): warning C4098: 'rechercheRacine' : fonction 'void' retournant une valeur
src\recherche.c(650): warning C4101: 'lc' : variable locale non référencée
src\recherche.c(649): warning C4101: 'k' : variable locale non référencée
src\recherche.c(649): warning C4101: 'ip' : variable locale non référencée
src\recherche.c(649): warning C4101: 'j' : variable locale non référencée
src\recherche.c(649): warning C4101: 'prof' : variable locale non référencée
src\recherche.c(653): warning C4101: 'ph' : variable locale non référencée
src\recherche.c(837): warning C4102: 'relance_recherche' : étiquette non référencée
src\recherche.c(760): warning C4101: 'windowPrec' : variable locale non référencée
src\recherche.c(760): warning C4101: 'window' : variable locale non référencée
src\recherche.c(760): warning C4101: 'j' : variable locale non référencée
src\recherche.c(954): warning C4101: 'j' : variable locale non référencée
src\recherche.c(953): warning C4101: 'coup' : variable locale non référencée
  test.c
src\test.c(39): warning C4101: 'scoreMinMax' : variable locale non référencée
src\test.c(40): warning C4101: 'coupMinMax' : variable locale non référencée
src\test.c(114): warning C4013: 'lireLigneFichier' non défini(e) ; extern retournant int pris par défaut
src\test.c(115): warning C4996: 'strcpy': This function or variable may be unsafe. Consider using strcpy_s instead. To disable deprecation, use _CRT_SECURE_NO_WARNINGS. See online help for details.
src\test.c(131): warning C4996: 'strcpy': This function or variable may be unsafe. Consider using strcpy_s instead. To disable deprecation, use _CRT_SECURE_NO_WARNINGS. See online help for details.
src\test.c(349): warning C4244: 'fonction' : conversion de 'short' en 'sint8', perte possible de données
src\test.c(396): warning C4996: 'strcpy': This function or variable may be unsafe. Consider using strcpy_s instead. To disable deprecation, use _CRT_SECURE_NO_WARNINGS. See online help for details.
src\test.c(401): warning C4244: '=' : conversion de 'time_t' en 'int', perte possible de données
src\test.c(402): warning C4244: '=' : conversion de 'time_t' en 'int', perte possible de données
src\test.c(424): warning C4013: 'exit' non défini(e) ; extern retournant int pris par défaut
src\test.c(430): warning C4244: '=' : conversion de 'time_t' en 'int', perte possible de données
src\test.c(431): warning C4244: '=' : conversion de 'time_t' en 'int', perte possible de données
  timer.c
src\timer.c(75): warning C4305: '=' : troncation de 'double' à 'float'
src\timer.c(83): warning C4244: '=' : conversion de 'float' en 'int', perte possible de données
src\timer.c(48): warning C4101: 'nbRestant' : variable locale non référencée
  uci.c
src\uci.c(88): warning C4101: 'eTest' : variable locale non référencée
src\uci.c(130): warning C4996: 'strcat': This function or variable may be unsafe. Consider using strcat_s instead. To disable deprecation, use _CRT_SECURE_NO_WARNINGS. See online help for details.
src\uci.c(131): warning C4996: 'strcat': This function or variable may be unsafe. Consider using strcat_s instead. To disable deprecation, use _CRT_SECURE_NO_WARNINGS. See online help for details.
src\uci.c(147): warning C4013: 'chaineToCoup' non défini(e) ; extern retournant int pris par défaut
src\uci.c(107): warning C4101: 'cos' : variable locale non référencée
src\uci.c(177): warning C4101: 'score' : variable locale non référencée
src\uci.c(178): warning C4101: 'fen' : variable locale non référencée
src\uci.c(174): warning C4101: 'undo' : variable locale non référencée
src\uci.c(176): warning C4101: 'bestCoupMinMax' : variable locale non référencée
src\uci.c(178): warning C4101: 'coup' : variable locale non référencée
src\uci.c(175): warning C4101: 'bestCoup' : variable locale non référencée
src\uci.c(280): warning C4996: 'strcpy': This function or variable may be unsafe. Consider using strcpy_s instead. To disable deprecation, use _CRT_SECURE_NO_WARNINGS. See online help for details.
src\uci.c(289): warning C4996: 'strcpy': This function or variable may be unsafe. Consider using strcpy_s instead. To disable deprecation, use _CRT_SECURE_NO_WARNINGS. See online help for details.
src\uci.c(291): warning C4013: 'strupper' non défini(e) ; extern retournant int pris par défaut
src\uci.c(325): warning C4474: 'printf' : trop d'arguments passés pour la chaîne de format
  src\uci.c(325): note: les espaces réservés et leurs paramètres attendent des arguments 0 variadiques, mais des arguments 1 ont été fournis
src\uci.c(356): warning C4996: 'strcat': This function or variable may be unsafe. Consider using strcat_s instead. To disable deprecation, use _CRT_SECURE_NO_WARNINGS. See online help for details.
src\uci.c(360): warning C4996: 'strcat': This function or variable may be unsafe. Consider using strcat_s instead. To disable deprecation, use _CRT_SECURE_NO_WARNINGS. See online help for details.
src\uci.c(361): warning C4996: 'strcat': This function or variable may be unsafe. Consider using strcat_s instead. To disable deprecation, use _CRT_SECURE_NO_WARNINGS. See online help for details.
src\uci.c(362): warning C4996: 'strcat': This function or variable may be unsafe. Consider using strcat_s instead. To disable deprecation, use _CRT_SECURE_NO_WARNINGS. See online help for details.
src\uci.c(365): warning C4996: 'strcat': This function or variable may be unsafe. Consider using strcat_s instead. To disable deprecation, use _CRT_SECURE_NO_WARNINGS. See online help for details.
src\uci.c(366): warning C4996: 'strcat': This function or variable may be unsafe. Consider using strcat_s instead. To disable deprecation, use _CRT_SECURE_NO_WARNINGS. See online help for details.
src\uci.c(514): warning C4013: 'rechercheCalme' non défini(e) ; extern retournant int pris par défaut
src\uci.c(597): warning C4013: 'genereCoupCapture' non défini(e) ; extern retournant int pris par défaut
src\uci.c(609): warning C4028: paramètre formel 2 différent de la déclaration
src\uci.c(613): warning C4028: paramètre formel 2 différent de la déclaration
src\uci.c(616): warning C4028: paramètre formel 2 différent de la déclaration
src\uci.c(649): warning C4996: 'strcpy': This function or variable may be unsafe. Consider using strcpy_s instead. To disable deprecation, use _CRT_SECURE_NO_WARNINGS. See online help for details.
src\uci.c(629): warning C4474: 'printf' : trop d'arguments passés pour la chaîne de format
  src\uci.c(629): note: les espaces réservés et leurs paramètres attendent des arguments 0 variadiques, mais des arguments 1 ont été fournis
src\uci.c(634): warning C4996: 'fopen': This function or variable may be unsafe. Consider using fopen_s instead. To disable deprecation, use _CRT_SECURE_NO_WARNINGS. See online help for details.
  C:\Program Files (x86)\Windows Kits\10\Include\10.0.14393.0\ucrt\stdio.h(207): note: voir la déclaration de 'fopen'
src\uci.c(457): warning C4101: 'prof' : variable locale non référencée
  util.c
src\util.c(55): warning C4013: 'printBitBoard' non défini(e) ; extern retournant int pris par défaut
src\util.c(44): warning C4101: 'i' : variable locale non référencée
src\util.c(89): warning C4244: 'return' : conversion de 'DWORD' en 'Boolean', perte possible de données
src\util.c(92): warning C4244: 'return' : conversion de 'DWORD' en 'Boolean', perte possible de données
  Compilation en cours...
  valeur.c
  Génération de code en cours
c:\users\franck.tempet\documents\visual studio 2017\projects\heracles\heracles\src\uci.c(418): warning C4716: 'demarreThreadRecherche' : doit retourner une valeur
  All 129 functions were compiled because no usable IPDB/IOBJ from previous compilation was found.
  Fin de la génération du code
  Heracles.vcxproj -> c:\users\franck.tempet\documents\visual studio 2017\Projects\Heracles\x64\Release\Heracles.exe
