c:\users\franck.tempet\documents\visual studio 2017\projects\heracles\heracles\release\vc141.pdb
c:\users\franck.tempet\documents\visual studio 2017\projects\heracles\heracles\release\uci.obj
c:\users\franck.tempet\documents\visual studio 2017\projects\heracles\heracles\release\timer.obj
c:\users\franck.tempet\documents\visual studio 2017\projects\heracles\heracles\release\test.obj
c:\users\franck.tempet\documents\visual studio 2017\projects\heracles\heracles\release\recherche.obj
c:\users\franck.tempet\documents\visual studio 2017\projects\heracles\heracles\release\plateau.obj
c:\users\franck.tempet\documents\visual studio 2017\projects\heracles\heracles\release\pdr.obj
c:\users\franck.tempet\documents\visual studio 2017\projects\heracles\heracles\release\multipv.obj
c:\users\franck.tempet\documents\visual studio 2017\projects\heracles\heracles\release\main.obj
c:\users\franck.tempet\documents\visual studio 2017\projects\heracles\heracles\release\listecoup.obj
c:\users\franck.tempet\documents\visual studio 2017\projects\heracles\heracles\release\killer.obj
c:\users\franck.tempet\documents\visual studio 2017\projects\heracles\heracles\release\init.obj
c:\users\franck.tempet\documents\visual studio 2017\projects\heracles\heracles\release\historytable.obj
c:\users\franck.tempet\documents\visual studio 2017\projects\heracles\heracles\release\hasheval.obj
c:\users\franck.tempet\documents\visual studio 2017\projects\heracles\heracles\release\hash.obj
c:\users\franck.tempet\documents\visual studio 2017\projects\heracles\heracles\release\generecoup.obj
c:\users\franck.tempet\documents\visual studio 2017\projects\heracles\heracles\release\evaluation.obj
c:\users\franck.tempet\documents\visual studio 2017\projects\heracles\heracles\release\epd.obj
c:\users\franck.tempet\documents\visual studio 2017\projects\heracles\heracles\release\coup.obj
c:\users\franck.tempet\documents\visual studio 2017\projects\heracles\heracles\release\case.obj
c:\users\franck.tempet\documents\visual studio 2017\projects\heracles\heracles\release\bitboard.obj
c:\users\franck.tempet\documents\visual studio 2017\projects\heracles\heracles\release\valeur.obj
c:\users\franck.tempet\documents\visual studio 2017\projects\heracles\heracles\release\util.obj
c:\users\franck.tempet\documents\visual studio 2017\projects\heracles\heracles\release\heracles.tlog\cl.command.1.tlog
c:\users\franck.tempet\documents\visual studio 2017\projects\heracles\heracles\release\heracles.tlog\cl.read.1.tlog
c:\users\franck.tempet\documents\visual studio 2017\projects\heracles\heracles\release\heracles.tlog\cl.write.1.tlog
c:\users\franck.tempet\documents\visual studio 2017\projects\heracles\heracles\release\heracles.tlog\link.command.1.tlog
c:\users\franck.tempet\documents\visual studio 2017\projects\heracles\heracles\release\heracles.tlog\link.read.1.tlog
c:\users\franck.tempet\documents\visual studio 2017\projects\heracles\heracles\release\heracles.tlog\link.write.1.tlog
